Using pre-set license
Built from '2020.3/release' branch; Version is '2020.3.2f1 (8fd9074bf66c) revision 9427207'; Using compiler version '192528614'; Build Type 'Release'
OS: 'Windows 10 Home Single Language; OS build 19041.867; Version 2004; 64bit' Language: 'en' Physical Memory: 8029 MB
BatchMode: 1, IsHumanControllingUs: 0, StartBugReporterOnCrash: 0, Is64bit: 1, IsPro: 0

 COMMAND LINE ARGUMENTS:
D:\Program Files\OWH MA GAD UNITY\2020.3.2f1\Editor\Unity.exe
-adb2
-batchMode
-noUpm
-name
AssetImportWorker0
-projectPath
D:/Semi Thes-X Project/Project Raion/OUR LOST LIGHT - RAION INTERNSHIP PROJECT/Our Lost Light The Game - Raion Internship Project
-logFile
Logs/AssetImportWorker0.log
-srvPort
49987
Successfully changed project path to: D:/Semi Thes-X Project/Project Raion/OUR LOST LIGHT - RAION INTERNSHIP PROJECT/Our Lost Light The Game - Raion Internship Project
D:/Semi Thes-X Project/Project Raion/OUR LOST LIGHT - RAION INTERNSHIP PROJECT/Our Lost Light The Game - Raion Internship Project
Using Asset Import Pipeline V2.
Refreshing native plugins compatible for Editor in 111.04 ms, found 1 plugins.
Preloading 0 native plugins for Editor in 0.00 ms.
Initialize engine version: 2020.3.2f1 (8fd9074bf66c)
[Subsystems] Discovering subsystems at path D:/Program Files/OWH MA GAD UNITY/2020.3.2f1/Editor/Data/Resources/UnitySubsystems
[Subsystems] Discovering subsystems at path D:/Semi Thes-X Project/Project Raion/OUR LOST LIGHT - RAION INTERNSHIP PROJECT/Our Lost Light The Game - Raion Internship Project/Assets
GfxDevice: creating device client; threaded=0
Direct3D:
    Version:  Direct3D 11.0 [level 11.1]
    Renderer: NVIDIA GeForce GTX 1660 Ti (ID=0x2191)
    Vendor:   
    VRAM:     5991 MB
    Driver:   27.21.14.5167
Shader 'Universal Render Pipeline/Particles/Lit': fallback shader 'Universal Render Pipeline/Particles/SimpleLit' not found
Initialize mono
Mono path[0] = 'D:/Program Files/OWH MA GAD UNITY/2020.3.2f1/Editor/Data/Managed'
Mono path[1] = 'D:/Program Files/OWH MA GAD UNITY/2020.3.2f1/Editor/Data/MonoBleedingEdge/lib/mono/unityjit'
Mono config path = 'D:/Program Files/OWH MA GAD UNITY/2020.3.2f1/Editor/Data/MonoBleedingEdge/etc'
Using monoOptions --debugger-agent=transport=dt_socket,embedding=1,server=y,suspend=n,address=127.0.0.1:56344
Begin MonoManager ReloadAssembly
Registering precompiled unity dll's ...
Register platform support module: D:/Program Files/OWH MA GAD UNITY/2020.3.2f1/Editor/Data/PlaybackEngines/WebGLSupport/UnityEditor.WebGL.Extensions.dll
Register platform support module: D:/Program Files/OWH MA GAD UNITY/2020.3.2f1/Editor/Data/PlaybackEngines/MacStandaloneSupport/UnityEditor.OSXStandalone.Extensions.dll
Register platform support module: D:/Program Files/OWH MA GAD UNITY/2020.3.2f1/Editor/Data/PlaybackEngines/WindowsStandaloneSupport/UnityEditor.WindowsStandalone.Extensions.dll
Register platform support module: D:/Program Files/OWH MA GAD UNITY/2020.3.2f1/Editor/Data/PlaybackEngines/LinuxStandaloneSupport/UnityEditor.LinuxStandalone.Extensions.dll
Registered in 0.214288 seconds.
Native extension for LinuxStandalone target not found
Native extension for WindowsStandalone target not found
Native extension for OSXStandalone target not found
Native extension for WebGL target not found
Refreshing native plugins compatible for Editor in 62.35 ms, found 1 plugins.
Preloading 0 native plugins for Editor in 0.00 ms.
Invoked RoslynAnalysisRunner static constructor.
RoslynAnalysisRunner will not be running.
RoslynAnalysisRunner has terminated.
Mono: successfully reloaded assembly
- Completed reload, in  3.654 seconds
Platform modules already initialized, skipping
Registering precompiled user dll's ...
Registered in 0.062037 seconds.
Begin MonoManager ReloadAssembly
Native extension for LinuxStandalone target not found
Native extension for WindowsStandalone target not found
Native extension for OSXStandalone target not found
Native extension for WebGL target not found
Refreshing native plugins compatible for Editor in 53.94 ms, found 1 plugins.
Preloading 0 native plugins for Editor in 0.00 ms.
Invoked RoslynAnalysisRunner static constructor.
RoslynAnalysisRunner will not be running.
RoslynAnalysisRunner has terminated.
Mono: successfully reloaded assembly
- Completed reload, in  3.038 seconds
Platform modules already initialized, skipping
========================================================================
Worker process is ready to serve import requests
Shader 'Universal Render Pipeline/Particles/Lit': fallback shader 'Universal Render Pipeline/Particles/SimpleLit' not found
Launched and connected shader compiler UnityShaderCompiler.exe after 0.07 seconds
Refreshing native plugins compatible for Editor in 0.47 ms, found 1 plugins.
Preloading 0 native plugins for Editor in 0.00 ms.
Unloading 2960 Unused Serialized files (Serialized files now loaded: 0)
System memory in use before: 133.0 MB.
System memory in use after: 133.0 MB.

Unloading 25 unused Assets to reduce memory usage. Loaded Objects now: 3403.
Total: 2.266400 ms (FindLiveObjects: 0.251700 ms CreateObjectMapping: 0.131300 ms MarkObjects: 1.768400 ms  DeleteObjects: 0.114200 ms)

========================================================================
Received Import Request.
  path: Assets/Scenes/Level 1 Complete.unity
  artifactKey: Guid(524ea7c9918c50b4da30a0dd0a1b1317) Importer(815301076,1909f56bfc062723c751e8b465ee728b)
Start importing Assets/Scenes/Level 1 Complete.unity using Guid(524ea7c9918c50b4da30a0dd0a1b1317) Importer(815301076,1909f56bfc062723c751e8b465ee728b)  -> (artifact id: 'e78d429d68779e2d79fd2c116501756d') in 0.021315 seconds
  Import took 0.027566 seconds .

========================================================================
Received Prepare
Shader 'Universal Render Pipeline/Particles/Lit': fallback shader 'Universal Render Pipeline/Particles/SimpleLit' not found
Refreshing native plugins compatible for Editor in 1.77 ms, found 1 plugins.
Preloading 0 native plugins for Editor in 0.00 ms.
Unloading 11 Unused Serialized files (Serialized files now loaded: 0)
System memory in use before: 68.8 MB.
System memory in use after: 68.8 MB.

Unloading 11 unused Assets to reduce memory usage. Loaded Objects now: 3403.
Total: 3.414300 ms (FindLiveObjects: 0.398800 ms CreateObjectMapping: 0.197400 ms MarkObjects: 2.715400 ms  DeleteObjects: 0.102000 ms)

========================================================================
Received Prepare
Registering precompiled user dll's ...
Registered in 0.003718 seconds.
Begin MonoManager ReloadAssembly
Native extension for LinuxStandalone target not found
Native extension for WindowsStandalone target not found
Native extension for OSXStandalone target not found
Native extension for WebGL target not found
Refreshing native plugins compatible for Editor in 0.47 ms, found 1 plugins.
Preloading 0 native plugins for Editor in 0.00 ms.
Invoked RoslynAnalysisRunner static constructor.
RoslynAnalysisRunner will not be running.
RoslynAnalysisRunner has terminated.
Mono: successfully reloaded assembly
- Completed reload, in  1.119 seconds
Platform modules already initialized, skipping
Shader 'Universal Render Pipeline/Particles/Lit': fallback shader 'Universal Render Pipeline/Particles/SimpleLit' not found
Refreshing native plugins compatible for Editor in 0.76 ms, found 1 plugins.
Preloading 0 native plugins for Editor in 0.00 ms.
Unloading 2852 Unused Serialized files (Serialized files now loaded: 0)
System memory in use before: 126.2 MB.
System memory in use after: 126.3 MB.

Unloading 13 unused Assets to reduce memory usage. Loaded Objects now: 3407.
Total: 6.006800 ms (FindLiveObjects: 0.390300 ms CreateObjectMapping: 0.142000 ms MarkObjects: 5.228900 ms  DeleteObjects: 0.241800 ms)

========================================================================
Received Prepare
Registering precompiled user dll's ...
Registered in 0.001731 seconds.
Begin MonoManager ReloadAssembly
Native extension for LinuxStandalone target not found
Native extension for WindowsStandalone target not found
Native extension for OSXStandalone target not found
Native extension for WebGL target not found
Refreshing native plugins compatible for Editor in 0.47 ms, found 1 plugins.
Preloading 0 native plugins for Editor in 0.00 ms.
Invoked RoslynAnalysisRunner static constructor.
RoslynAnalysisRunner will not be running.
RoslynAnalysisRunner has terminated.
Mono: successfully reloaded assembly
- Completed reload, in  0.806 seconds
Platform modules already initialized, skipping
Shader 'Universal Render Pipeline/Particles/Lit': fallback shader 'Universal Render Pipeline/Particles/SimpleLit' not found
Refreshing native plugins compatible for Editor in 0.47 ms, found 1 plugins.
Preloading 0 native plugins for Editor in 0.00 ms.
Unloading 2852 Unused Serialized files (Serialized files now loaded: 0)
System memory in use before: 126.3 MB.
System memory in use after: 126.4 MB.

Unloading 13 unused Assets to reduce memory usage. Loaded Objects now: 3411.
Total: 2.447300 ms (FindLiveObjects: 0.360200 ms CreateObjectMapping: 0.184200 ms MarkObjects: 1.801900 ms  DeleteObjects: 0.099900 ms)

========================================================================
Received Prepare
Registering precompiled user dll's ...
Registered in 0.001146 seconds.
Begin MonoManager ReloadAssembly
Native extension for LinuxStandalone target not found
Native extension for WindowsStandalone target not found
Native extension for OSXStandalone target not found
Native extension for WebGL target not found
Refreshing native plugins compatible for Editor in 0.52 ms, found 1 plugins.
Preloading 0 native plugins for Editor in 0.00 ms.
Invoked RoslynAnalysisRunner static constructor.
RoslynAnalysisRunner will not be running.
RoslynAnalysisRunner has terminated.
Mono: successfully reloaded assembly
- Completed reload, in  0.822 seconds
Platform modules already initialized, skipping
Shader 'Universal Render Pipeline/Particles/Lit': fallback shader 'Universal Render Pipeline/Particles/SimpleLit' not found
Refreshing native plugins compatible for Editor in 0.52 ms, found 1 plugins.
Preloading 0 native plugins for Editor in 0.00 ms.
Unloading 2852 Unused Serialized files (Serialized files now loaded: 0)
System memory in use before: 126.3 MB.
System memory in use after: 126.4 MB.

Unloading 13 unused Assets to reduce memory usage. Loaded Objects now: 3415.
Total: 3.988500 ms (FindLiveObjects: 0.490700 ms CreateObjectMapping: 0.292300 ms MarkObjects: 3.034400 ms  DeleteObjects: 0.169400 ms)

========================================================================
Received Prepare
Registering precompiled user dll's ...
Registered in 0.001271 seconds.
Begin MonoManager ReloadAssembly
Native extension for LinuxStandalone target not found
Native extension for WindowsStandalone target not found
Native extension for OSXStandalone target not found
Native extension for WebGL target not found
Refreshing native plugins compatible for Editor in 0.47 ms, found 1 plugins.
Preloading 0 native plugins for Editor in 0.00 ms.
Invoked RoslynAnalysisRunner static constructor.
RoslynAnalysisRunner will not be running.
RoslynAnalysisRunner has terminated.
Mono: successfully reloaded assembly
- Completed reload, in  0.806 seconds
Platform modules already initialized, skipping
Shader 'Universal Render Pipeline/Particles/Lit': fallback shader 'Universal Render Pipeline/Particles/SimpleLit' not found
Refreshing native plugins compatible for Editor in 0.48 ms, found 1 plugins.
Preloading 0 native plugins for Editor in 0.00 ms.
Unloading 2852 Unused Serialized files (Serialized files now loaded: 0)
System memory in use before: 126.3 MB.
System memory in use after: 126.4 MB.

Unloading 13 unused Assets to reduce memory usage. Loaded Objects now: 3419.
Total: 3.434800 ms (FindLiveObjects: 0.429900 ms CreateObjectMapping: 0.206400 ms MarkObjects: 2.660500 ms  DeleteObjects: 0.135600 ms)

========================================================================
Received Import Request.
  Time since last request: 577.389862 seconds.
  path: Assets/Scenes/Level 1 Complete.unity
  artifactKey: Guid(524ea7c9918c50b4da30a0dd0a1b1317) Importer(815301076,1909f56bfc062723c751e8b465ee728b)
Start importing Assets/Scenes/Level 1 Complete.unity using Guid(524ea7c9918c50b4da30a0dd0a1b1317) Importer(815301076,1909f56bfc062723c751e8b465ee728b)  -> (artifact id: '0c9aac016f3907fee5be8b9185bf2a48') in 0.019778 seconds
  Import took 0.027469 seconds .

========================================================================
Received Prepare
Registering precompiled user dll's ...
Registered in 0.001244 seconds.
Begin MonoManager ReloadAssembly
Native extension for LinuxStandalone target not found
Native extension for WindowsStandalone target not found
Native extension for OSXStandalone target not found
Native extension for WebGL target not found
Refreshing native plugins compatible for Editor in 0.49 ms, found 1 plugins.
Preloading 0 native plugins for Editor in 0.00 ms.
Invoked RoslynAnalysisRunner static constructor.
RoslynAnalysisRunner will not be running.
RoslynAnalysisRunner has terminated.
Mono: successfully reloaded assembly
- Completed reload, in  0.801 seconds
Platform modules already initialized, skipping
Shader 'Universal Render Pipeline/Particles/Lit': fallback shader 'Universal Render Pipeline/Particles/SimpleLit' not found
Refreshing native plugins compatible for Editor in 0.57 ms, found 1 plugins.
Preloading 0 native plugins for Editor in 0.00 ms.
Unloading 2852 Unused Serialized files (Serialized files now loaded: 0)
System memory in use before: 126.4 MB.
System memory in use after: 126.4 MB.

Unloading 13 unused Assets to reduce memory usage. Loaded Objects now: 3423.
Total: 2.864600 ms (FindLiveObjects: 0.364600 ms CreateObjectMapping: 0.197800 ms MarkObjects: 2.177200 ms  DeleteObjects: 0.123900 ms)

========================================================================
Received Prepare
Registering precompiled user dll's ...
Registered in 0.001489 seconds.
Begin MonoManager ReloadAssembly
Native extension for LinuxStandalone target not found
Native extension for WindowsStandalone target not found
Native extension for OSXStandalone target not found
Native extension for WebGL target not found
Refreshing native plugins compatible for Editor in 0.85 ms, found 1 plugins.
Preloading 0 native plugins for Editor in 0.00 ms.
Invoked RoslynAnalysisRunner static constructor.
RoslynAnalysisRunner will not be running.
RoslynAnalysisRunner has terminated.
Mono: successfully reloaded assembly
- Completed reload, in  0.929 seconds
Platform modules already initialized, skipping
Shader 'Universal Render Pipeline/Particles/Lit': fallback shader 'Universal Render Pipeline/Particles/SimpleLit' not found
Refreshing native plugins compatible for Editor in 0.59 ms, found 1 plugins.
Preloading 0 native plugins for Editor in 0.00 ms.
Unloading 2852 Unused Serialized files (Serialized files now loaded: 0)
System memory in use before: 126.4 MB.
System memory in use after: 126.5 MB.

Unloading 13 unused Assets to reduce memory usage. Loaded Objects now: 3427.
Total: 4.746500 ms (FindLiveObjects: 0.488000 ms CreateObjectMapping: 0.254600 ms MarkObjects: 3.790500 ms  DeleteObjects: 0.211900 ms)

========================================================================
Received Prepare
Registering precompiled user dll's ...
Registered in 0.001268 seconds.
Begin MonoManager ReloadAssembly
Native extension for LinuxStandalone target not found
Native extension for WindowsStandalone target not found
Native extension for OSXStandalone target not found
Native extension for WebGL target not found
Refreshing native plugins compatible for Editor in 0.48 ms, found 1 plugins.
Preloading 0 native plugins for Editor in 0.00 ms.
Invoked RoslynAnalysisRunner static constructor.
RoslynAnalysisRunner will not be running.
RoslynAnalysisRunner has terminated.
Mono: successfully reloaded assembly
- Completed reload, in  0.852 seconds
Platform modules already initialized, skipping
Shader 'Universal Render Pipeline/Particles/Lit': fallback shader 'Universal Render Pipeline/Particles/SimpleLit' not found
Refreshing native plugins compatible for Editor in 0.56 ms, found 1 plugins.
Preloading 0 native plugins for Editor in 0.00 ms.
Unloading 2865 Unused Serialized files (Serialized files now loaded: 0)
System memory in use before: 128.4 MB.
System memory in use after: 127.8 MB.

Unloading 26 unused Assets to reduce memory usage. Loaded Objects now: 3431.
Total: 4.326300 ms (FindLiveObjects: 0.308900 ms CreateObjectMapping: 0.153100 ms MarkObjects: 3.494900 ms  DeleteObjects: 0.368200 ms)

========================================================================
Received Prepare
Registering precompiled user dll's ...
Registered in 0.001666 seconds.
Begin MonoManager ReloadAssembly
Native extension for LinuxStandalone target not found
Native extension for WindowsStandalone target not found
Native extension for OSXStandalone target not found
Native extension for WebGL target not found
Refreshing native plugins compatible for Editor in 0.49 ms, found 1 plugins.
Preloading 0 native plugins for Editor in 0.00 ms.
Invoked RoslynAnalysisRunner static constructor.
RoslynAnalysisRunner will not be running.
RoslynAnalysisRunner has terminated.
Mono: successfully reloaded assembly
- Completed reload, in  0.923 seconds
Platform modules already initialized, skipping
Shader 'Universal Render Pipeline/Particles/Lit': fallback shader 'Universal Render Pipeline/Particles/SimpleLit' not found
Refreshing native plugins compatible for Editor in 0.57 ms, found 1 plugins.
Preloading 0 native plugins for Editor in 0.00 ms.
Unloading 2865 Unused Serialized files (Serialized files now loaded: 0)
System memory in use before: 128.4 MB.
System memory in use after: 127.8 MB.

Unloading 26 unused Assets to reduce memory usage. Loaded Objects now: 3435.
Total: 3.243100 ms (FindLiveObjects: 0.341900 ms CreateObjectMapping: 0.147100 ms MarkObjects: 2.311100 ms  DeleteObjects: 0.440600 ms)

========================================================================
Received Import Request.
  Time since last request: 759.466328 seconds.
  path: Assets/Script/Timer
  artifactKey: Guid(fdb68d013f0b8e540a0593cccbc55a4b) Importer(815301076,1909f56bfc062723c751e8b465ee728b)
Start importing Assets/Script/Timer using Guid(fdb68d013f0b8e540a0593cccbc55a4b) Importer(815301076,1909f56bfc062723c751e8b465ee728b)  -> (artifact id: '170c4d71d48b458ac68069a18bc229e0') in 0.014398 seconds
  Import took 0.020120 seconds .

========================================================================
Received Import Request.
  Time since last request: 18.557696 seconds.
  path: Assets/Script/Timer/CountdownTimer.cs
  artifactKey: Guid(5ad0e2999eda81c4382d977dc0ed2f0b) Importer(815301076,1909f56bfc062723c751e8b465ee728b)
Start importing Assets/Script/Timer/CountdownTimer.cs using Guid(5ad0e2999eda81c4382d977dc0ed2f0b) Importer(815301076,1909f56bfc062723c751e8b465ee728b)  -> (artifact id: '3c1ffadd99dab51e3ef8016e98eae7dc') in 0.053430 seconds
  Import took 0.058280 seconds .

========================================================================
Received Prepare
Registering precompiled user dll's ...
Registered in 0.001983 seconds.
Begin MonoManager ReloadAssembly
Native extension for LinuxStandalone target not found
Native extension for WindowsStandalone target not found
Native extension for OSXStandalone target not found
Native extension for WebGL target not found
Refreshing native plugins compatible for Editor in 0.75 ms, found 1 plugins.
Preloading 0 native plugins for Editor in 0.00 ms.
Invoked RoslynAnalysisRunner static constructor.
RoslynAnalysisRunner will not be running.
RoslynAnalysisRunner has terminated.
Mono: successfully reloaded assembly
- Completed reload, in  1.557 seconds
Platform modules already initialized, skipping
Shader 'Universal Render Pipeline/Particles/Lit': fallback shader 'Universal Render Pipeline/Particles/SimpleLit' not found
Refreshing native plugins compatible for Editor in 2.07 ms, found 1 plugins.
Preloading 0 native plugins for Editor in 0.00 ms.
Unloading 2866 Unused Serialized files (Serialized files now loaded: 0)
System memory in use before: 128.4 MB.
System memory in use after: 127.8 MB.

Unloading 26 unused Assets to reduce memory usage. Loaded Objects now: 3440.
Total: 7.009200 ms (FindLiveObjects: 0.952800 ms CreateObjectMapping: 0.718900 ms MarkObjects: 4.705900 ms  DeleteObjects: 0.626500 ms)

========================================================================
Received Import Request.
  Time since last request: 907.635341 seconds.
  path: Assets/Scenes/Level 1 Complete.unity
  artifactKey: Guid(524ea7c9918c50b4da30a0dd0a1b1317) Importer(815301076,1909f56bfc062723c751e8b465ee728b)
Start importing Assets/Scenes/Level 1 Complete.unity using Guid(524ea7c9918c50b4da30a0dd0a1b1317) Importer(815301076,1909f56bfc062723c751e8b465ee728b)  -> (artifact id: 'feb75b04ec99fd06f56589d1b5baf6f7') in 0.023086 seconds
  Import took 0.030150 seconds .

========================================================================
Received Prepare
Registering precompiled user dll's ...
Registered in 0.001242 seconds.
Begin MonoManager ReloadAssembly
Native extension for LinuxStandalone target not found
Native extension for WindowsStandalone target not found
Native extension for OSXStandalone target not found
Native extension for WebGL target not found
Refreshing native plugins compatible for Editor in 0.49 ms, found 1 plugins.
Preloading 0 native plugins for Editor in 0.00 ms.
Invoked RoslynAnalysisRunner static constructor.
RoslynAnalysisRunner will not be running.
RoslynAnalysisRunner has terminated.
Mono: successfully reloaded assembly
- Completed reload, in  0.846 seconds
Platform modules already initialized, skipping
Shader 'Universal Render Pipeline/Particles/Lit': fallback shader 'Universal Render Pipeline/Particles/SimpleLit' not found
Refreshing native plugins compatible for Editor in 0.48 ms, found 1 plugins.
Preloading 0 native plugins for Editor in 0.00 ms.
Unloading 2866 Unused Serialized files (Serialized files now loaded: 0)
System memory in use before: 128.4 MB.
System memory in use after: 127.9 MB.

Unloading 26 unused Assets to reduce memory usage. Loaded Objects now: 3444.
Total: 3.003500 ms (FindLiveObjects: 0.316400 ms CreateObjectMapping: 0.176000 ms MarkObjects: 2.089900 ms  DeleteObjects: 0.420100 ms)

========================================================================
Received Import Request.
  Time since last request: 3645.487204 seconds.
  path: Assets/Script/Timer/CountdownTimer.cs
  artifactKey: Guid(5ad0e2999eda81c4382d977dc0ed2f0b) Importer(815301076,1909f56bfc062723c751e8b465ee728b)
Start importing Assets/Script/Timer/CountdownTimer.cs using Guid(5ad0e2999eda81c4382d977dc0ed2f0b) Importer(815301076,1909f56bfc062723c751e8b465ee728b)  -> (artifact id: '4fb04c83566233b0761b682308da3e8b') in 0.021800 seconds
  Import took 0.029437 seconds .

========================================================================
Received Import Request.
  Time since last request: 0.000868 seconds.
  path: Assets/Script/Timer/CountdownTimer.cs
  artifactKey: Guid(5ad0e2999eda81c4382d977dc0ed2f0b) Importer(815301076,1909f56bfc062723c751e8b465ee728b)
Start importing Assets/Script/Timer/CountdownTimer.cs using Guid(5ad0e2999eda81c4382d977dc0ed2f0b) Importer(815301076,1909f56bfc062723c751e8b465ee728b)  -> (artifact id: '4fb04c83566233b0761b682308da3e8b') in 0.003696 seconds
  Import took 0.009255 seconds .

========================================================================
Received Prepare
Registering precompiled user dll's ...
Registered in 0.001741 seconds.
Begin MonoManager ReloadAssembly
Native extension for LinuxStandalone target not found
Native extension for WindowsStandalone target not found
Native extension for OSXStandalone target not found
Native extension for WebGL target not found
Refreshing native plugins compatible for Editor in 0.48 ms, found 1 plugins.
Preloading 0 native plugins for Editor in 0.00 ms.
Invoked RoslynAnalysisRunner static constructor.
RoslynAnalysisRunner will not be running.
RoslynAnalysisRunner has terminated.
Mono: successfully reloaded assembly
- Completed reload, in  0.832 seconds
Platform modules already initialized, skipping
Shader 'Universal Render Pipeline/Particles/Lit': fallback shader 'Universal Render Pipeline/Particles/SimpleLit' not found
Refreshing native plugins compatible for Editor in 1.55 ms, found 1 plugins.
Preloading 0 native plugins for Editor in 0.00 ms.
Unloading 2865 Unused Serialized files (Serialized files now loaded: 0)
System memory in use before: 128.4 MB.
System memory in use after: 127.8 MB.

Unloading 27 unused Assets to reduce memory usage. Loaded Objects now: 3447.
Total: 4.564000 ms (FindLiveObjects: 0.597300 ms CreateObjectMapping: 0.191300 ms MarkObjects: 2.918600 ms  DeleteObjects: 0.855700 ms)

========================================================================
Received Import Request.
  Time since last request: 30.271192 seconds.
  path: Assets/Script/Timer/CountdownTimer1.cs
  artifactKey: Guid(d62be91536cacda459dbba2edeb29093) Importer(815301076,1909f56bfc062723c751e8b465ee728b)
Start importing Assets/Script/Timer/CountdownTimer1.cs using Guid(d62be91536cacda459dbba2edeb29093) Importer(815301076,1909f56bfc062723c751e8b465ee728b)  -> (artifact id: '9a1cbe066738b2face3ced8181355bd5') in 0.010481 seconds
  Import took 0.015868 seconds .

========================================================================
Received Prepare
Registering precompiled user dll's ...
Registered in 0.001218 seconds.
Begin MonoManager ReloadAssembly
Native extension for LinuxStandalone target not found
Native extension for WindowsStandalone target not found
Native extension for OSXStandalone target not found
Native extension for WebGL target not found
Refreshing native plugins compatible for Editor in 0.56 ms, found 1 plugins.
Preloading 0 native plugins for Editor in 0.00 ms.
Invoked RoslynAnalysisRunner static constructor.
RoslynAnalysisRunner will not be running.
RoslynAnalysisRunner has terminated.
Mono: successfully reloaded assembly
- Completed reload, in  0.918 seconds
Platform modules already initialized, skipping
Shader 'Universal Render Pipeline/Particles/Lit': fallback shader 'Universal Render Pipeline/Particles/SimpleLit' not found
Refreshing native plugins compatible for Editor in 0.48 ms, found 1 plugins.
Preloading 0 native plugins for Editor in 0.00 ms.
Unloading 2866 Unused Serialized files (Serialized files now loaded: 0)
System memory in use before: 128.4 MB.
System memory in use after: 127.9 MB.

Unloading 26 unused Assets to reduce memory usage. Loaded Objects now: 3452.
Total: 3.487700 ms (FindLiveObjects: 0.401400 ms CreateObjectMapping: 0.163900 ms MarkObjects: 2.423700 ms  DeleteObjects: 0.497200 ms)

========================================================================
Received Prepare
Registering precompiled user dll's ...
Registered in 0.002243 seconds.
Begin MonoManager ReloadAssembly
Native extension for LinuxStandalone target not found
Native extension for WindowsStandalone target not found
Native extension for OSXStandalone target not found
Native extension for WebGL target not found
Refreshing native plugins compatible for Editor in 0.51 ms, found 1 plugins.
Preloading 0 native plugins for Editor in 0.00 ms.
Invoked RoslynAnalysisRunner static constructor.
RoslynAnalysisRunner will not be running.
RoslynAnalysisRunner has terminated.
Mono: successfully reloaded assembly
- Completed reload, in  0.937 seconds
Platform modules already initialized, skipping
Shader 'Universal Render Pipeline/Particles/Lit': fallback shader 'Universal Render Pipeline/Particles/SimpleLit' not found
Refreshing native plugins compatible for Editor in 0.49 ms, found 1 plugins.
Preloading 0 native plugins for Editor in 0.00 ms.
Unloading 2866 Unused Serialized files (Serialized files now loaded: 0)
System memory in use before: 128.4 MB.
System memory in use after: 127.9 MB.

Unloading 26 unused Assets to reduce memory usage. Loaded Objects now: 3456.
Total: 2.825100 ms (FindLiveObjects: 0.309000 ms CreateObjectMapping: 0.158400 ms MarkObjects: 1.980800 ms  DeleteObjects: 0.376000 ms)

========================================================================
Received Prepare
Registering precompiled user dll's ...
Registered in 0.001879 seconds.
Begin MonoManager ReloadAssembly
Native extension for LinuxStandalone target not found
Native extension for WindowsStandalone target not found
Native extension for OSXStandalone target not found
Native extension for WebGL target not found
Refreshing native plugins compatible for Editor in 0.77 ms, found 1 plugins.
Preloading 0 native plugins for Editor in 0.00 ms.
Invoked RoslynAnalysisRunner static constructor.
RoslynAnalysisRunner will not be running.
RoslynAnalysisRunner has terminated.
Mono: successfully reloaded assembly
- Completed reload, in  1.638 seconds
Platform modules already initialized, skipping
Shader 'Universal Render Pipeline/Particles/Lit': fallback shader 'Universal Render Pipeline/Particles/SimpleLit' not found
Refreshing native plugins compatible for Editor in 1.21 ms, found 1 plugins.
Preloading 0 native plugins for Editor in 0.00 ms.
Unloading 2866 Unused Serialized files (Serialized files now loaded: 0)
System memory in use before: 128.4 MB.
System memory in use after: 127.9 MB.

Unloading 26 unused Assets to reduce memory usage. Loaded Objects now: 3460.
Total: 5.816900 ms (FindLiveObjects: 0.418300 ms CreateObjectMapping: 0.350300 ms MarkObjects: 4.329200 ms  DeleteObjects: 0.717600 ms)

========================================================================
Received Prepare
Registering precompiled user dll's ...
Registered in 0.002311 seconds.
Begin MonoManager ReloadAssembly
Native extension for LinuxStandalone target not found
Native extension for WindowsStandalone target not found
Native extension for OSXStandalone target not found
Native extension for WebGL target not found
Refreshing native plugins compatible for Editor in 0.93 ms, found 1 plugins.
Preloading 0 native plugins for Editor in 0.00 ms.
Invoked RoslynAnalysisRunner static constructor.
RoslynAnalysisRunner will not be running.
RoslynAnalysisRunner has terminated.
Mono: successfully reloaded assembly
- Completed reload, in  1.225 seconds
Platform modules already initialized, skipping
Shader 'Universal Render Pipeline/Particles/Lit': fallback shader 'Universal Render Pipeline/Particles/SimpleLit' not found
Refreshing native plugins compatible for Editor in 0.59 ms, found 1 plugins.
Preloading 0 native plugins for Editor in 0.00 ms.
Unloading 2866 Unused Serialized files (Serialized files now loaded: 0)
System memory in use before: 128.5 MB.
System memory in use after: 127.9 MB.

Unloading 26 unused Assets to reduce memory usage. Loaded Objects now: 3464.
Total: 6.096000 ms (FindLiveObjects: 0.724000 ms CreateObjectMapping: 0.261500 ms MarkObjects: 4.393700 ms  DeleteObjects: 0.715300 ms)

========================================================================
Received Prepare
Registering precompiled user dll's ...
Registered in 0.002073 seconds.
Begin MonoManager ReloadAssembly
Native extension for LinuxStandalone target not found
Native extension for WindowsStandalone target not found
Native extension for OSXStandalone target not found
Native extension for WebGL target not found
Refreshing native plugins compatible for Editor in 1.00 ms, found 1 plugins.
Preloading 0 native plugins for Editor in 0.00 ms.
Invoked RoslynAnalysisRunner static constructor.
RoslynAnalysisRunner will not be running.
RoslynAnalysisRunner has terminated.
Mono: successfully reloaded assembly
- Completed reload, in  1.192 seconds
Platform modules already initialized, skipping
Shader 'Universal Render Pipeline/Particles/Lit': fallback shader 'Universal Render Pipeline/Particles/SimpleLit' not found
Refreshing native plugins compatible for Editor in 0.58 ms, found 1 plugins.
Preloading 0 native plugins for Editor in 0.00 ms.
Unloading 2866 Unused Serialized files (Serialized files now loaded: 0)
System memory in use before: 128.5 MB.
System memory in use after: 127.9 MB.

Unloading 26 unused Assets to reduce memory usage. Loaded Objects now: 3468.
Total: 3.954600 ms (FindLiveObjects: 0.520000 ms CreateObjectMapping: 0.446900 ms MarkObjects: 2.239400 ms  DeleteObjects: 0.747200 ms)

========================================================================
Received Import Request.
  Time since last request: 2637.854774 seconds.
  path: Assets/Scenes/Level One.unity
  artifactKey: Guid(df0c96cb96b09334e9c1eed297eb4b1f) Importer(815301076,1909f56bfc062723c751e8b465ee728b)
Start importing Assets/Scenes/Level One.unity using Guid(df0c96cb96b09334e9c1eed297eb4b1f) Importer(815301076,1909f56bfc062723c751e8b465ee728b)  -> (artifact id: 'c5b4c0b3be8456994c85de9e55f2ef2e') in 0.034990 seconds
  Import took 0.046027 seconds .

========================================================================
Received Prepare
Registering precompiled user dll's ...
Registered in 0.001651 seconds.
Begin MonoManager ReloadAssembly
Native extension for LinuxStandalone target not found
Native extension for WindowsStandalone target not found
Native extension for OSXStandalone target not found
Native extension for WebGL target not found
Refreshing native plugins compatible for Editor in 0.69 ms, found 1 plugins.
Preloading 0 native plugins for Editor in 0.00 ms.
Invoked RoslynAnalysisRunner static constructor.
RoslynAnalysisRunner will not be running.
RoslynAnalysisRunner has terminated.
Mono: successfully reloaded assembly
- Completed reload, in  1.174 seconds
Platform modules already initialized, skipping
Shader 'Universal Render Pipeline/Particles/Lit': fallback shader 'Universal Render Pipeline/Particles/SimpleLit' not found
Refreshing native plugins compatible for Editor in 0.70 ms, found 1 plugins.
Preloading 0 native plugins for Editor in 0.00 ms.
Unloading 2866 Unused Serialized files (Serialized files now loaded: 0)
System memory in use before: 128.5 MB.
System memory in use after: 127.9 MB.

Unloading 26 unused Assets to reduce memory usage. Loaded Objects now: 3472.
Total: 5.750000 ms (FindLiveObjects: 0.740100 ms CreateObjectMapping: 0.440600 ms MarkObjects: 3.576300 ms  DeleteObjects: 0.990800 ms)

========================================================================
Received Prepare
Registering precompiled user dll's ...
Registered in 0.001306 seconds.
Begin MonoManager ReloadAssembly
Native extension for LinuxStandalone target not found
Native extension for WindowsStandalone target not found
Native extension for OSXStandalone target not found
Native extension for WebGL target not found
Refreshing native plugins compatible for Editor in 0.54 ms, found 1 plugins.
Preloading 0 native plugins for Editor in 0.00 ms.
Invoked RoslynAnalysisRunner static constructor.
RoslynAnalysisRunner will not be running.
RoslynAnalysisRunner has terminated.
Mono: successfully reloaded assembly
- Completed reload, in  1.108 seconds
Platform modules already initialized, skipping
Shader 'Universal Render Pipeline/Particles/Lit': fallback shader 'Universal Render Pipeline/Particles/SimpleLit' not found
Refreshing native plugins compatible for Editor in 0.65 ms, found 1 plugins.
Preloading 0 native plugins for Editor in 0.00 ms.
Unloading 2866 Unused Serialized files (Serialized files now loaded: 0)
System memory in use before: 128.5 MB.
System memory in use after: 127.9 MB.

Unloading 26 unused Assets to reduce memory usage. Loaded Objects now: 3476.
Total: 6.375800 ms (FindLiveObjects: 0.655400 ms CreateObjectMapping: 0.305700 ms MarkObjects: 4.795300 ms  DeleteObjects: 0.617200 ms)

========================================================================
Received Prepare
Registering precompiled user dll's ...
Registered in 0.001638 seconds.
Begin MonoManager ReloadAssembly
Native extension for LinuxStandalone target not found
Native extension for WindowsStandalone target not found
Native extension for OSXStandalone target not found
Native extension for WebGL target not found
Refreshing native plugins compatible for Editor in 0.63 ms, found 1 plugins.
Preloading 0 native plugins for Editor in 0.00 ms.
Invoked RoslynAnalysisRunner static constructor.
RoslynAnalysisRunner will not be running.
RoslynAnalysisRunner has terminated.
Mono: successfully reloaded assembly
- Completed reload, in  1.115 seconds
Platform modules already initialized, skipping
Shader 'Universal Render Pipeline/Particles/Lit': fallback shader 'Universal Render Pipeline/Particles/SimpleLit' not found
Refreshing native plugins compatible for Editor in 0.69 ms, found 1 plugins.
Preloading 0 native plugins for Editor in 0.00 ms.
Unloading 2866 Unused Serialized files (Serialized files now loaded: 0)
System memory in use before: 128.5 MB.
System memory in use after: 127.9 MB.

Unloading 26 unused Assets to reduce memory usage. Loaded Objects now: 3480.
Total: 3.588100 ms (FindLiveObjects: 0.389900 ms CreateObjectMapping: 0.358300 ms MarkObjects: 2.274900 ms  DeleteObjects: 0.563300 ms)

AssetImportWorkerClient::OnTransportError - code=2 error=End of file
